<configuration debug="false">
    <root level="OFF">
    </root>
</configuration>
